<?xml version="1.0" encoding="UTF-8"?>
<!-- Generated by org.testng.reporters.JUnitReportReporter -->
<testsuite hostname="LAPTOP-L3E4A55F" failures="0" tests="1" name="testCases.TC002_LoginTest" time="1.778" errors="0" timestamp="2024-12-21T23:03:42 IST" skipped="0">
  <testcase classname="testCases.TC002_LoginTest" name="VerifyLoginTest" time="1.778"/>
  <system-out/>
</testsuite> <!-- testCases.TC002_LoginTest -->
