<?xml version="1.0" encoding="UTF-8"?>
<!-- Generated by org.testng.reporters.JUnitReportReporter -->
<testsuite hostname="LAPTOP-L3E4A55F" failures="0" tests="1" name="testCases.TC001_AccountRegistrationPage" time="2.312" errors="0" timestamp="2024-12-21T23:51:54 IST" skipped="0">
  <testcase classname="testCases.TC001_AccountRegistrationPage" name="verify_AccountRegristration" time="2.312"/>
</testsuite> <!-- testCases.TC001_AccountRegistrationPage -->
